<?xml version="1.0" encoding="UTF-8" ?>
<testsuite tests="22" failures="0" name="posting.test.RunCukesTest" time="0.007" errors="0" skipped="0">
  <properties>
    <property name="java.runtime.name" value="Java(TM) SE Runtime Environment"/>
    <property name="cucumber.option" value="--tags @BVT"/>
    <property name="sun.boot.library.path" value="/Library/Java/JavaVirtualMachines/jdk1.8.0_131.jdk/Contents/Home/jre/lib"/>
    <property name="java.vm.version" value="25.131-b11"/>
    <property name="user.country.format" value="IN"/>
    <property name="gopherProxySet" value="false"/>
    <property name="java.vm.vendor" value="Oracle Corporation"/>
    <property name="maven.multiModuleProjectDirectory" value="/Users/Aniket/Desktop/SminqAutomation/PostingFlow.test"/>
    <property name="java.vendor.url" value="http://java.oracle.com/"/>
    <property name="path.separator" value=":"/>
    <property name="guice.disable.misplaced.annotation.check" value="true"/>
    <property name="java.vm.name" value="Java HotSpot(TM) 64-Bit Server VM"/>
    <property name="file.encoding.pkg" value="sun.io"/>
    <property name="user.country" value="US"/>
    <property name="sun.java.launcher" value="SUN_STANDARD"/>
    <property name="sun.os.patch.level" value="unknown"/>
    <property name="java.vm.specification.name" value="Java Virtual Machine Specification"/>
    <property name="user.dir" value="/Users/Aniket/Desktop/SminqAutomation/PostingFlow.test"/>
    <property name="java.runtime.version" value="1.8.0_131-b11"/>
    <property name="java.awt.graphicsenv" value="sun.awt.CGraphicsEnvironment"/>
    <property name="java.endorsed.dirs" value="/Library/Java/JavaVirtualMachines/jdk1.8.0_131.jdk/Contents/Home/jre/lib/endorsed"/>
    <property name="os.arch" value="x86_64"/>
    <property name="java.io.tmpdir" value="/var/folders/cx/72qgp1gs4tb_4n_fgw045_v00000gn/T/"/>
    <property name="line.separator" value="
"/>
    <property name="java.vm.specification.vendor" value="Oracle Corporation"/>
    <property name="os.name" value="Mac OS X"/>
    <property name="classworlds.conf" value="/usr/local/Cellar/maven/3.6.0/libexec/bin/m2.conf"/>
    <property name="sun.jnu.encoding" value="UTF-8"/>
    <property name="java.library.path" value="/Users/Aniket/Library/Java/Extensions:/Library/Java/Extensions:/Network/Library/Java/Extensions:/System/Library/Java/Extensions:/usr/lib/java:."/>
    <property name="maven.conf" value="/usr/local/Cellar/maven/3.6.0/libexec/conf"/>
    <property name="java.specification.name" value="Java Platform API Specification"/>
    <property name="java.class.version" value="52.0"/>
    <property name="sun.management.compiler" value="HotSpot 64-Bit Tiered Compilers"/>
    <property name="os.version" value="10.14.2"/>
    <property name="library.jansi.path" value="/usr/local/Cellar/maven/3.6.0/libexec/lib/jansi-native"/>
    <property name="user.home" value="/Users/Aniket"/>
    <property name="user.timezone" value="Asia/Kolkata"/>
    <property name="java.awt.printerjob" value="sun.lwawt.macosx.CPrinterJob"/>
    <property name="java.specification.version" value="1.8"/>
    <property name="file.encoding" value="UTF-8"/>
    <property name="user.name" value="Aniket"/>
    <property name="java.class.path" value="/usr/local/Cellar/maven/3.6.0/libexec/boot/plexus-classworlds-2.5.2.jar"/>
    <property name="java.vm.specification.version" value="1.8"/>
    <property name="sun.arch.data.model" value="64"/>
    <property name="java.home" value="/Library/Java/JavaVirtualMachines/jdk1.8.0_131.jdk/Contents/Home/jre"/>
    <property name="sun.java.command" value="org.codehaus.plexus.classworlds.launcher.Launcher test -Dcucumber.option=--tags @BVT"/>
    <property name="java.specification.vendor" value="Oracle Corporation"/>
    <property name="user.language" value="en"/>
    <property name="awt.toolkit" value="sun.lwawt.macosx.LWCToolkit"/>
    <property name="java.vm.info" value="mixed mode"/>
    <property name="java.version" value="1.8.0_131"/>
    <property name="java.ext.dirs" value="/Users/Aniket/Library/Java/Extensions:/Library/Java/JavaVirtualMachines/jdk1.8.0_131.jdk/Contents/Home/jre/lib/ext:/Library/Java/Extensions:/Network/Library/Java/Extensions:/System/Library/Java/Extensions:/usr/lib/java"/>
    <property name="sun.boot.class.path" value="/Library/Java/JavaVirtualMachines/jdk1.8.0_131.jdk/Contents/Home/jre/lib/resources.jar:/Library/Java/JavaVirtualMachines/jdk1.8.0_131.jdk/Contents/Home/jre/lib/rt.jar:/Library/Java/JavaVirtualMachines/jdk1.8.0_131.jdk/Contents/Home/jre/lib/sunrsasign.jar:/Library/Java/JavaVirtualMachines/jdk1.8.0_131.jdk/Contents/Home/jre/lib/jsse.jar:/Library/Java/JavaVirtualMachines/jdk1.8.0_131.jdk/Contents/Home/jre/lib/jce.jar:/Library/Java/JavaVirtualMachines/jdk1.8.0_131.jdk/Contents/Home/jre/lib/charsets.jar:/Library/Java/JavaVirtualMachines/jdk1.8.0_131.jdk/Contents/Home/jre/lib/jfr.jar:/Library/Java/JavaVirtualMachines/jdk1.8.0_131.jdk/Contents/Home/jre/classes"/>
    <property name="java.vendor" value="Oracle Corporation"/>
    <property name="maven.home" value="/usr/local/Cellar/maven/3.6.0/libexec"/>
    <property name="file.separator" value="/"/>
    <property name="java.vendor.url.bug" value="http://bugreport.sun.com/bugreport/"/>
    <property name="sun.cpu.endian" value="little"/>
    <property name="sun.io.unicode.encoding" value="UnicodeBig"/>
    <property name="sun.cpu.isalist" value=""/>
  </properties>
  <testcase classname="Given the Sminq Mobile App is opened on &quot;local&quot;     " name="Given the Sminq Mobile App is opened on &quot;local&quot;     " time="0.004"/>
  <testcase classname="When I allow &quot;Notification&quot; access      " name="When I allow &quot;Notification&quot; access      " time="0"/>
  <testcase classname="And I login with Google       " name="And I login with Google       " time="0"/>
  <testcase classname="And I allow &quot;Google Sign In&quot; access        " name="And I allow &quot;Google Sign In&quot; access        " time="0"/>
  <testcase classname="And I enter &quot;saviant.sminq&quot; as username and &quot;Sminq@123&quot; as password         " name="And I enter &quot;saviant.sminq&quot; as username and &quot;Sminq@123&quot; as password         " time="0"/>
  <testcase classname="And I allow &quot;Sminq Location&quot; access          " name="And I allow &quot;Sminq Location&quot; access          " time="0"/>
  <testcase classname="And I allow &quot;iOS Location&quot; access           " name="And I allow &quot;iOS Location&quot; access           " time="0"/>
  <testcase classname="Then the home page is displayed            " name="Then the home page is displayed            " time="0"/>
  <testcase classname="When I click on the camera icon to create a post             " name="When I click on the camera icon to create a post             " time="0"/>
  <testcase classname="And I allow &quot;Sminq Camera&quot; access              " name="And I allow &quot;Sminq Camera&quot; access              " time="0"/>
  <testcase classname="And I allow &quot;iOS Camera&quot; access               " name="And I allow &quot;iOS Camera&quot; access               " time="0"/>
  <testcase classname="And I allow &quot;Sminq Microphone&quot; access                " name="And I allow &quot;Sminq Microphone&quot; access                " time="0.001"/>
  <testcase classname="And I allow &quot;iOS Microphone&quot; access                 " name="And I allow &quot;iOS Microphone&quot; access                 " time="0"/>
  <testcase classname="And I click a photograph                  " name="And I click a photograph                  " time="0"/>
  <testcase classname="And I select the first location as &quot;My_Location&quot;                   " name="And I select the first location as &quot;My_Location&quot;                   " time="0.001"/>
  <testcase classname="And I select mood icon &quot;MEH&quot;                    " name="And I select mood icon &quot;MEH&quot;                    " time="0"/>
  <testcase classname="And I click on &quot;DONE&quot;                     " name="And I click on &quot;DONE&quot;                     " time="0"/>
  <testcase classname="And I click on &quot;POST&quot;                      " name="And I click on &quot;POST&quot;                      " time="0"/>
  <testcase classname="Then the post should be added to the home page                       " name="Then the post should be added to the home page                       " time="0"/>
  <testcase classname="And the location of the post should be &quot;My_Location&quot;                        " name="And the location of the post should be &quot;My_Location&quot;                        " time="0"/>
  <testcase classname="And the mood of the post should be &quot;MEH&quot;                         " name="And the mood of the post should be &quot;MEH&quot;                         " time="0"/>
  <testcase classname="| saviant.sminq | Sminq@123 | MEH |    " name="| saviant.sminq | Sminq@123 | MEH |    " time="0.001"/>
</testsuite>